[20-Jul-2016 02:50:38 UTC] PHP Warning:  include_once(class.crud.php): failed to open stream: No such file or directory in /home/ubuntu/workspace/Company_oop_MVCGOOD/views/member.php on line 2
[20-Jul-2016 02:50:38 UTC] PHP Stack trace:
[20-Jul-2016 02:50:38 UTC] PHP   1. {main}() /home/ubuntu/workspace/Company_oop_MVCGOOD/views/member.php:0
[20-Jul-2016 02:50:38 UTC] PHP Warning:  include_once(): Failed opening 'class.crud.php' for inclusion (include_path='.:/usr/share/php:/usr/share/pear') in /home/ubuntu/workspace/Company_oop_MVCGOOD/views/member.php on line 2
[20-Jul-2016 02:50:38 UTC] PHP Stack trace:
[20-Jul-2016 02:50:38 UTC] PHP   1. {main}() /home/ubuntu/workspace/Company_oop_MVCGOOD/views/member.php:0
[20-Jul-2016 02:50:38 UTC] PHP Fatal error:  Class 'CRUD' not found in /home/ubuntu/workspace/Company_oop_MVCGOOD/views/member.php on line 3
[20-Jul-2016 02:50:38 UTC] PHP Stack trace:
[20-Jul-2016 02:50:38 UTC] PHP   1. {main}() /home/ubuntu/workspace/Company_oop_MVCGOOD/views/member.php:0
[20-Jul-2016 02:50:47 UTC] PHP Warning:  include_once(class.crud.php): failed to open stream: No such file or directory in /home/ubuntu/workspace/Company_oop_MVCGOOD/views/member.php on line 2
[20-Jul-2016 02:50:47 UTC] PHP Stack trace:
[20-Jul-2016 02:50:47 UTC] PHP   1. {main}() /home/ubuntu/workspace/Company_oop_MVCGOOD/views/member.php:0
[20-Jul-2016 02:50:47 UTC] PHP Warning:  include_once(): Failed opening 'class.crud.php' for inclusion (include_path='.:/usr/share/php:/usr/share/pear') in /home/ubuntu/workspace/Company_oop_MVCGOOD/views/member.php on line 2
[20-Jul-2016 02:50:47 UTC] PHP Stack trace:
[20-Jul-2016 02:50:47 UTC] PHP   1. {main}() /home/ubuntu/workspace/Company_oop_MVCGOOD/views/member.php:0
[20-Jul-2016 02:50:47 UTC] PHP Fatal error:  Class 'CRUD' not found in /home/ubuntu/workspace/Company_oop_MVCGOOD/views/member.php on line 3
[20-Jul-2016 02:50:47 UTC] PHP Stack trace:
[20-Jul-2016 02:50:47 UTC] PHP   1. {main}() /home/ubuntu/workspace/Company_oop_MVCGOOD/views/member.php:0
[20-Jul-2016 02:51:30 UTC] PHP Warning:  include_once(class.crud.php): failed to open stream: No such file or directory in /home/ubuntu/workspace/Company_oop_MVCGOOD/views/member.php on line 2
[20-Jul-2016 02:51:30 UTC] PHP Stack trace:
[20-Jul-2016 02:51:30 UTC] PHP   1. {main}() /home/ubuntu/workspace/Company_oop_MVCGOOD/views/member.php:0
[20-Jul-2016 02:51:30 UTC] PHP Warning:  include_once(): Failed opening 'class.crud.php' for inclusion (include_path='.:/usr/share/php:/usr/share/pear') in /home/ubuntu/workspace/Company_oop_MVCGOOD/views/member.php on line 2
[20-Jul-2016 02:51:30 UTC] PHP Stack trace:
[20-Jul-2016 02:51:30 UTC] PHP   1. {main}() /home/ubuntu/workspace/Company_oop_MVCGOOD/views/member.php:0
[20-Jul-2016 02:51:30 UTC] PHP Fatal error:  Class 'CRUD' not found in /home/ubuntu/workspace/Company_oop_MVCGOOD/views/member.php on line 3
[20-Jul-2016 02:51:30 UTC] PHP Stack trace:
[20-Jul-2016 02:51:30 UTC] PHP   1. {main}() /home/ubuntu/workspace/Company_oop_MVCGOOD/views/member.php:0
[20-Jul-2016 02:51:34 UTC] PHP Warning:  include_once(class.crud.php): failed to open stream: No such file or directory in /home/ubuntu/workspace/Company_oop_MVCGOOD/views/member.php on line 2
[20-Jul-2016 02:51:34 UTC] PHP Stack trace:
[20-Jul-2016 02:51:34 UTC] PHP   1. {main}() /home/ubuntu/workspace/Company_oop_MVCGOOD/views/member.php:0
[20-Jul-2016 02:51:34 UTC] PHP Warning:  include_once(): Failed opening 'class.crud.php' for inclusion (include_path='.:/usr/share/php:/usr/share/pear') in /home/ubuntu/workspace/Company_oop_MVCGOOD/views/member.php on line 2
[20-Jul-2016 02:51:34 UTC] PHP Stack trace:
[20-Jul-2016 02:51:34 UTC] PHP   1. {main}() /home/ubuntu/workspace/Company_oop_MVCGOOD/views/member.php:0
[20-Jul-2016 02:51:34 UTC] PHP Fatal error:  Class 'CRUD' not found in /home/ubuntu/workspace/Company_oop_MVCGOOD/views/member.php on line 3
[20-Jul-2016 02:51:34 UTC] PHP Stack trace:
[20-Jul-2016 02:51:34 UTC] PHP   1. {main}() /home/ubuntu/workspace/Company_oop_MVCGOOD/views/member.php:0
[20-Jul-2016 02:52:07 UTC] PHP Warning:  include_once(class.crud.php): failed to open stream: No such file or directory in /home/ubuntu/workspace/Company_oop_MVCGOOD/views/member.php on line 2
[20-Jul-2016 02:52:07 UTC] PHP Stack trace:
[20-Jul-2016 02:52:07 UTC] PHP   1. {main}() /home/ubuntu/workspace/Company_oop_MVCGOOD/views/member.php:0
[20-Jul-2016 02:52:07 UTC] PHP Warning:  include_once(): Failed opening 'class.crud.php' for inclusion (include_path='.:/usr/share/php:/usr/share/pear') in /home/ubuntu/workspace/Company_oop_MVCGOOD/views/member.php on line 2
[20-Jul-2016 02:52:07 UTC] PHP Stack trace:
[20-Jul-2016 02:52:07 UTC] PHP   1. {main}() /home/ubuntu/workspace/Company_oop_MVCGOOD/views/member.php:0
[20-Jul-2016 02:52:07 UTC] PHP Fatal error:  Class 'CRUD' not found in /home/ubuntu/workspace/Company_oop_MVCGOOD/views/member.php on line 3
[20-Jul-2016 02:52:07 UTC] PHP Stack trace:
[20-Jul-2016 02:52:07 UTC] PHP   1. {main}() /home/ubuntu/workspace/Company_oop_MVCGOOD/views/member.php:0
[20-Jul-2016 02:58:24 UTC] PHP Warning:  include_once(../controllers/dbconfig.php): failed to open stream: No such file or directory in /home/ubuntu/workspace/Company_oop_MVCGOOD/models/class.crud.php on line 3
[20-Jul-2016 02:58:24 UTC] PHP Stack trace:
[20-Jul-2016 02:58:24 UTC] PHP   1. {main}() /home/ubuntu/workspace/Company_oop_MVCGOOD/views/member.php:0
[20-Jul-2016 02:58:24 UTC] PHP   2. include_once() /home/ubuntu/workspace/Company_oop_MVCGOOD/views/member.php:2
[20-Jul-2016 02:58:24 UTC] PHP Warning:  include_once(): Failed opening '../controllers/dbconfig.php' for inclusion (include_path='.:/usr/share/php:/usr/share/pear') in /home/ubuntu/workspace/Company_oop_MVCGOOD/models/class.crud.php on line 3
[20-Jul-2016 02:58:24 UTC] PHP Stack trace:
[20-Jul-2016 02:58:24 UTC] PHP   1. {main}() /home/ubuntu/workspace/Company_oop_MVCGOOD/views/member.php:0
[20-Jul-2016 02:58:24 UTC] PHP   2. include_once() /home/ubuntu/workspace/Company_oop_MVCGOOD/views/member.php:2
[20-Jul-2016 02:58:24 UTC] PHP Fatal error:  Class 'DB_con' not found in /home/ubuntu/workspace/Company_oop_MVCGOOD/models/class.crud.php on line 9
[20-Jul-2016 02:58:24 UTC] PHP Stack trace:
[20-Jul-2016 02:58:25 UTC] PHP   1. {main}() /home/ubuntu/workspace/Company_oop_MVCGOOD/views/member.php:0
[20-Jul-2016 02:58:25 UTC] PHP   2. CRUD->__construct() /home/ubuntu/workspace/Company_oop_MVCGOOD/views/member.php:3
[20-Jul-2016 02:58:25 UTC] PHP Warning:  include_once(../controllers/dbconfig.php): failed to open stream: No such file or directory in /home/ubuntu/workspace/Company_oop_MVCGOOD/models/class.crud.php on line 3
[20-Jul-2016 02:58:25 UTC] PHP Stack trace:
[20-Jul-2016 02:58:25 UTC] PHP   1. {main}() /home/ubuntu/workspace/Company_oop_MVCGOOD/views/member.php:0
[20-Jul-2016 02:58:25 UTC] PHP   2. include_once() /home/ubuntu/workspace/Company_oop_MVCGOOD/views/member.php:2
[20-Jul-2016 02:58:25 UTC] PHP Warning:  include_once(): Failed opening '../controllers/dbconfig.php' for inclusion (include_path='.:/usr/share/php:/usr/share/pear') in /home/ubuntu/workspace/Company_oop_MVCGOOD/models/class.crud.php on line 3
[20-Jul-2016 02:58:25 UTC] PHP Stack trace:
[20-Jul-2016 02:58:25 UTC] PHP   1. {main}() /home/ubuntu/workspace/Company_oop_MVCGOOD/views/member.php:0
[20-Jul-2016 02:58:25 UTC] PHP   2. include_once() /home/ubuntu/workspace/Company_oop_MVCGOOD/views/member.php:2
[20-Jul-2016 02:58:25 UTC] PHP Fatal error:  Class 'DB_con' not found in /home/ubuntu/workspace/Company_oop_MVCGOOD/models/class.crud.php on line 9
[20-Jul-2016 02:58:25 UTC] PHP Stack trace:
[20-Jul-2016 02:58:25 UTC] PHP   1. {main}() /home/ubuntu/workspace/Company_oop_MVCGOOD/views/member.php:0
[20-Jul-2016 02:58:25 UTC] PHP   2. CRUD->__construct() /home/ubuntu/workspace/Company_oop_MVCGOOD/views/member.php:3
[20-Jul-2016 03:14:00 UTC] PHP Parse error:  syntax error, unexpected '999900' (T_LNUMBER) in /home/ubuntu/workspace/Company_oop_MVCGOOD/controllers/dbcrud.php on line 18
[20-Jul-2016 03:43:16 UTC] PHP Warning:  setcookie() expects parameter 3 to be long, string given in /home/ubuntu/workspace/Company_oop_MVCGOOD/controllers/dbcrud.php on line 18
[20-Jul-2016 03:43:16 UTC] PHP Stack trace:
[20-Jul-2016 03:43:16 UTC] PHP   1. {main}() /home/ubuntu/workspace/Company_oop_MVCGOOD/controllers/dbcrud.php:0
[20-Jul-2016 03:43:16 UTC] PHP   2. setcookie() /home/ubuntu/workspace/Company_oop_MVCGOOD/controllers/dbcrud.php:18
[20-Jul-2016 03:43:59 UTC] PHP Warning:  setcookie() expects parameter 3 to be long, string given in /home/ubuntu/workspace/Company_oop_MVCGOOD/controllers/dbcrud.php on line 18
[20-Jul-2016 03:43:59 UTC] PHP Stack trace:
[20-Jul-2016 03:43:59 UTC] PHP   1. {main}() /home/ubuntu/workspace/Company_oop_MVCGOOD/controllers/dbcrud.php:0
[20-Jul-2016 03:43:59 UTC] PHP   2. setcookie() /home/ubuntu/workspace/Company_oop_MVCGOOD/controllers/dbcrud.php:18
[20-Jul-2016 03:44:29 UTC] PHP Warning:  setcookie() expects parameter 3 to be long, string given in /home/ubuntu/workspace/Company_oop_MVCGOOD/controllers/dbcrud.php on line 18
[20-Jul-2016 03:44:29 UTC] PHP Stack trace:
[20-Jul-2016 03:44:29 UTC] PHP   1. {main}() /home/ubuntu/workspace/Company_oop_MVCGOOD/controllers/dbcrud.php:0
[20-Jul-2016 03:44:29 UTC] PHP   2. setcookie() /home/ubuntu/workspace/Company_oop_MVCGOOD/controllers/dbcrud.php:18
[20-Jul-2016 03:46:42 UTC] PHP Warning:  setcookie() expects parameter 3 to be long, string given in /home/ubuntu/workspace/Company_oop_MVCGOOD/controllers/dbcrud.php on line 18
[20-Jul-2016 03:46:42 UTC] PHP Stack trace:
[20-Jul-2016 03:46:42 UTC] PHP   1. {main}() /home/ubuntu/workspace/Company_oop_MVCGOOD/controllers/dbcrud.php:0
[20-Jul-2016 03:46:42 UTC] PHP   2. setcookie() /home/ubuntu/workspace/Company_oop_MVCGOOD/controllers/dbcrud.php:18
[20-Jul-2016 03:47:35 UTC] PHP Warning:  setcookie() expects parameter 3 to be long, string given in /home/ubuntu/workspace/Company_oop_MVCGOOD/controllers/dbcrud.php on line 18
[20-Jul-2016 03:47:35 UTC] PHP Stack trace:
[20-Jul-2016 03:47:35 UTC] PHP   1. {main}() /home/ubuntu/workspace/Company_oop_MVCGOOD/controllers/dbcrud.php:0
[20-Jul-2016 03:47:35 UTC] PHP   2. setcookie() /home/ubuntu/workspace/Company_oop_MVCGOOD/controllers/dbcrud.php:18
[20-Jul-2016 12:42:23 UTC] PHP Parse error:  syntax error, unexpected ',' in /home/ubuntu/workspace/Company_oop_MVCGOOD/views/rentalCar_showCar.php on line 171
[20-Jul-2016 12:42:43 UTC] PHP Parse error:  syntax error, unexpected ',', expecting '&' or variable (T_VARIABLE) in /home/ubuntu/workspace/Company_oop_MVCGOOD/views/rentalCar_showCar.php on line 207
[20-Jul-2016 12:45:09 UTC] PHP Warning:  mysql_query(): Access denied for user ''@'localhost' (using password: NO) in /home/ubuntu/workspace/Company_oop_MVCGOOD/views/rentalCar_showCar.php on line 20
[20-Jul-2016 12:45:09 UTC] PHP Stack trace:
[20-Jul-2016 12:45:09 UTC] PHP   1. {main}() /home/ubuntu/workspace/Company_oop_MVCGOOD/views/rentalCar_showCar.php:0
[20-Jul-2016 12:45:09 UTC] PHP   2. mysql_query() /home/ubuntu/workspace/Company_oop_MVCGOOD/views/rentalCar_showCar.php:20
[20-Jul-2016 12:45:09 UTC] PHP Warning:  mysql_query(): A link to the server could not be established in /home/ubuntu/workspace/Company_oop_MVCGOOD/views/rentalCar_showCar.php on line 20
[20-Jul-2016 12:45:09 UTC] PHP Stack trace:
[20-Jul-2016 12:45:09 UTC] PHP   1. {main}() /home/ubuntu/workspace/Company_oop_MVCGOOD/views/rentalCar_showCar.php:0
[20-Jul-2016 12:45:09 UTC] PHP   2. mysql_query() /home/ubuntu/workspace/Company_oop_MVCGOOD/views/rentalCar_showCar.php:20
[20-Jul-2016 12:54:15 UTC] PHP Warning:  mysql_query(): Access denied for user ''@'localhost' (using password: NO) in /home/ubuntu/workspace/Company_oop_MVCGOOD/views/rentalCar_showCar.php on line 20
[20-Jul-2016 12:54:15 UTC] PHP Stack trace:
[20-Jul-2016 12:54:15 UTC] PHP   1. {main}() /home/ubuntu/workspace/Company_oop_MVCGOOD/views/rentalCar_showCar.php:0
[20-Jul-2016 12:54:15 UTC] PHP   2. mysql_query() /home/ubuntu/workspace/Company_oop_MVCGOOD/views/rentalCar_showCar.php:20
[20-Jul-2016 12:54:15 UTC] PHP Warning:  mysql_query(): A link to the server could not be established in /home/ubuntu/workspace/Company_oop_MVCGOOD/views/rentalCar_showCar.php on line 20
[20-Jul-2016 12:54:15 UTC] PHP Stack trace:
[20-Jul-2016 12:54:15 UTC] PHP   1. {main}() /home/ubuntu/workspace/Company_oop_MVCGOOD/views/rentalCar_showCar.php:0
[20-Jul-2016 12:54:15 UTC] PHP   2. mysql_query() /home/ubuntu/workspace/Company_oop_MVCGOOD/views/rentalCar_showCar.php:20
[20-Jul-2016 12:54:17 UTC] PHP Warning:  mysql_query(): Access denied for user ''@'localhost' (using password: NO) in /home/ubuntu/workspace/Company_oop_MVCGOOD/views/rentalCar_showCar.php on line 20
[20-Jul-2016 12:54:17 UTC] PHP Stack trace:
[20-Jul-2016 12:54:17 UTC] PHP   1. {main}() /home/ubuntu/workspace/Company_oop_MVCGOOD/views/rentalCar_showCar.php:0
[20-Jul-2016 12:54:17 UTC] PHP   2. mysql_query() /home/ubuntu/workspace/Company_oop_MVCGOOD/views/rentalCar_showCar.php:20
[20-Jul-2016 12:54:17 UTC] PHP Warning:  mysql_query(): A link to the server could not be established in /home/ubuntu/workspace/Company_oop_MVCGOOD/views/rentalCar_showCar.php on line 20
[20-Jul-2016 12:54:17 UTC] PHP Stack trace:
[20-Jul-2016 12:54:17 UTC] PHP   1. {main}() /home/ubuntu/workspace/Company_oop_MVCGOOD/views/rentalCar_showCar.php:0
[20-Jul-2016 12:54:17 UTC] PHP   2. mysql_query() /home/ubuntu/workspace/Company_oop_MVCGOOD/views/rentalCar_showCar.php:20
[20-Jul-2016 12:54:19 UTC] PHP Warning:  mysql_query(): Access denied for user ''@'localhost' (using password: NO) in /home/ubuntu/workspace/Company_oop_MVCGOOD/views/rentalCar_showCar.php on line 20
[20-Jul-2016 12:54:19 UTC] PHP Stack trace:
[20-Jul-2016 12:54:19 UTC] PHP   1. {main}() /home/ubuntu/workspace/Company_oop_MVCGOOD/views/rentalCar_showCar.php:0
[20-Jul-2016 12:54:19 UTC] PHP   2. mysql_query() /home/ubuntu/workspace/Company_oop_MVCGOOD/views/rentalCar_showCar.php:20
[20-Jul-2016 12:54:19 UTC] PHP Warning:  mysql_query(): A link to the server could not be established in /home/ubuntu/workspace/Company_oop_MVCGOOD/views/rentalCar_showCar.php on line 20
[20-Jul-2016 12:54:19 UTC] PHP Stack trace:
[20-Jul-2016 12:54:19 UTC] PHP   1. {main}() /home/ubuntu/workspace/Company_oop_MVCGOOD/views/rentalCar_showCar.php:0
[20-Jul-2016 12:54:19 UTC] PHP   2. mysql_query() /home/ubuntu/workspace/Company_oop_MVCGOOD/views/rentalCar_showCar.php:20
[20-Jul-2016 12:55:04 UTC] PHP Warning:  mysql_query(): Access denied for user ''@'localhost' (using password: NO) in /home/ubuntu/workspace/Company_oop_MVCGOOD/views/rentalCar_showCar.php on line 20
[20-Jul-2016 12:55:04 UTC] PHP Stack trace:
[20-Jul-2016 12:55:04 UTC] PHP   1. {main}() /home/ubuntu/workspace/Company_oop_MVCGOOD/views/rentalCar_showCar.php:0
[20-Jul-2016 12:55:04 UTC] PHP   2. mysql_query() /home/ubuntu/workspace/Company_oop_MVCGOOD/views/rentalCar_showCar.php:20
[20-Jul-2016 12:55:04 UTC] PHP Warning:  mysql_query(): A link to the server could not be established in /home/ubuntu/workspace/Company_oop_MVCGOOD/views/rentalCar_showCar.php on line 20
[20-Jul-2016 12:55:04 UTC] PHP Stack trace:
[20-Jul-2016 12:55:04 UTC] PHP   1. {main}() /home/ubuntu/workspace/Company_oop_MVCGOOD/views/rentalCar_showCar.php:0
[20-Jul-2016 12:55:04 UTC] PHP   2. mysql_query() /home/ubuntu/workspace/Company_oop_MVCGOOD/views/rentalCar_showCar.php:20
[20-Jul-2016 12:55:20 UTC] PHP Warning:  mysql_query(): Access denied for user ''@'localhost' (using password: NO) in /home/ubuntu/workspace/Company_oop_MVCGOOD/views/rentalCar_showCar.php on line 20
[20-Jul-2016 12:55:20 UTC] PHP Stack trace:
[20-Jul-2016 12:55:20 UTC] PHP   1. {main}() /home/ubuntu/workspace/Company_oop_MVCGOOD/views/rentalCar_showCar.php:0
[20-Jul-2016 12:55:20 UTC] PHP   2. mysql_query() /home/ubuntu/workspace/Company_oop_MVCGOOD/views/rentalCar_showCar.php:20
[20-Jul-2016 12:55:20 UTC] PHP Warning:  mysql_query(): A link to the server could not be established in /home/ubuntu/workspace/Company_oop_MVCGOOD/views/rentalCar_showCar.php on line 20
[20-Jul-2016 12:55:20 UTC] PHP Stack trace:
[20-Jul-2016 12:55:20 UTC] PHP   1. {main}() /home/ubuntu/workspace/Company_oop_MVCGOOD/views/rentalCar_showCar.php:0
[20-Jul-2016 12:55:20 UTC] PHP   2. mysql_query() /home/ubuntu/workspace/Company_oop_MVCGOOD/views/rentalCar_showCar.php:20
[20-Jul-2016 13:30:52 UTC] PHP Parse error:  syntax error, unexpected '[', expecting ')' in /home/ubuntu/workspace/Company_oop_MVCGOOD/views/rentalCar_showCar.php on line 161
[20-Jul-2016 13:32:04 UTC] PHP Parse error:  syntax error, unexpected '[', expecting ')' in /home/ubuntu/workspace/Company_oop_MVCGOOD/views/rentalCar_showCar.php on line 161
[20-Jul-2016 13:32:06 UTC] PHP Parse error:  syntax error, unexpected '[', expecting ')' in /home/ubuntu/workspace/Company_oop_MVCGOOD/views/rentalCar_showCar.php on line 161
[20-Jul-2016 13:33:05 UTC] PHP Parse error:  syntax error, unexpected ''[0]'' (T_CONSTANT_ENCAPSED_STRING), expecting ')' in /home/ubuntu/workspace/Company_oop_MVCGOOD/views/rentalCar_showCar.php on line 161
[20-Jul-2016 13:34:47 UTC] PHP Parse error:  syntax error, unexpected '[', expecting ')' in /home/ubuntu/workspace/Company_oop_MVCGOOD/views/rentalCar_showCar.php on line 161
[20-Jul-2016 15:53:09 UTC] PHP Parse error:  syntax error, unexpected 'endwhile' (T_ENDWHILE) in /home/ubuntu/workspace/Company_oop_MVCGOOD/views/rentalCar_showCar.php on line 150
[20-Jul-2016 15:53:19 UTC] PHP Parse error:  syntax error, unexpected 'endwhile' (T_ENDWHILE) in /home/ubuntu/workspace/Company_oop_MVCGOOD/views/rentalCar_showCar.php on line 150
[20-Jul-2016 15:53:31 UTC] PHP Parse error:  syntax error, unexpected '<' in /home/ubuntu/workspace/Company_oop_MVCGOOD/views/rentalCar_showCar.php on line 149
[21-Jul-2016 15:46:25 UTC] PHP Fatal error:  Using $this when not in object context in /home/ubuntu/workspace/Company_oop_MVCtest/controllers/dbcrud.php on line 24
[21-Jul-2016 15:46:25 UTC] PHP Stack trace:
[21-Jul-2016 15:46:25 UTC] PHP   1. {main}() /home/ubuntu/workspace/Company_oop_MVCtest/controllers/dbcrud.php:0
[21-Jul-2016 15:50:49 UTC] PHP Fatal error:  Using $this when not in object context in /home/ubuntu/workspace/Company_oop_MVCtest/controllers/dbcrud.php on line 24
[21-Jul-2016 15:50:49 UTC] PHP Stack trace:
[21-Jul-2016 15:50:49 UTC] PHP   1. {main}() /home/ubuntu/workspace/Company_oop_MVCtest/controllers/dbcrud.php:0
[21-Jul-2016 15:51:21 UTC] PHP Warning:  require_once(controllers/HomeController.php): failed to open stream: No such file or directory in /home/ubuntu/workspace/Company_oop_MVCtest/controllers/dbcrud.php on line 3
[21-Jul-2016 15:51:21 UTC] PHP Stack trace:
[21-Jul-2016 15:51:21 UTC] PHP   1. {main}() /home/ubuntu/workspace/Company_oop_MVCtest/controllers/dbcrud.php:0
[21-Jul-2016 15:51:21 UTC] PHP Fatal error:  require_once(): Failed opening required 'controllers/HomeController.php' (include_path='.:/usr/share/php:/usr/share/pear') in /home/ubuntu/workspace/Company_oop_MVCtest/controllers/dbcrud.php on line 3
[21-Jul-2016 15:51:21 UTC] PHP Stack trace:
[21-Jul-2016 15:51:21 UTC] PHP   1. {main}() /home/ubuntu/workspace/Company_oop_MVCtest/controllers/dbcrud.php:0
[21-Jul-2016 15:52:03 UTC] PHP Warning:  require_once(controllers/HomeController.php): failed to open stream: No such file or directory in /home/ubuntu/workspace/Company_oop_MVCtest/controllers/dbcrud.php on line 3
[21-Jul-2016 15:52:03 UTC] PHP Stack trace:
[21-Jul-2016 15:52:03 UTC] PHP   1. {main}() /home/ubuntu/workspace/Company_oop_MVCtest/controllers/dbcrud.php:0
[21-Jul-2016 15:52:03 UTC] PHP Fatal error:  require_once(): Failed opening required 'controllers/HomeController.php' (include_path='.:/usr/share/php:/usr/share/pear') in /home/ubuntu/workspace/Company_oop_MVCtest/controllers/dbcrud.php on line 3
[21-Jul-2016 15:52:03 UTC] PHP Stack trace:
[21-Jul-2016 15:52:03 UTC] PHP   1. {main}() /home/ubuntu/workspace/Company_oop_MVCtest/controllers/dbcrud.php:0
[22-Jul-2016 10:13:47 UTC] PHP Warning:  include_once(models/class.crud.php): failed to open stream: No such file or directory in /home/ubuntu/workspace/Company_oop_MVCtest/controllers/dbcrud.php on line 4
[22-Jul-2016 10:13:47 UTC] PHP Stack trace:
[22-Jul-2016 10:13:47 UTC] PHP   1. {main}() /home/ubuntu/workspace/Company_oop_MVCtest/controllers/dbcrud.php:0
[22-Jul-2016 10:13:47 UTC] PHP Warning:  include_once(): Failed opening 'models/class.crud.php' for inclusion (include_path='.:/usr/share/php:/usr/share/pear') in /home/ubuntu/workspace/Company_oop_MVCtest/controllers/dbcrud.php on line 4
[22-Jul-2016 10:13:47 UTC] PHP Stack trace:
[22-Jul-2016 10:13:47 UTC] PHP   1. {main}() /home/ubuntu/workspace/Company_oop_MVCtest/controllers/dbcrud.php:0
[22-Jul-2016 10:13:47 UTC] PHP Fatal error:  Class 'CRUD' not found in /home/ubuntu/workspace/Company_oop_MVCtest/controllers/dbcrud.php on line 5
[22-Jul-2016 10:13:47 UTC] PHP Stack trace:
[22-Jul-2016 10:13:47 UTC] PHP   1. {main}() /home/ubuntu/workspace/Company_oop_MVCtest/controllers/dbcrud.php:0
[22-Jul-2016 15:39:42 UTC] PHP Warning:  include_once(models/class.crud.php): failed to open stream: No such file or directory in /home/ubuntu/workspace/Company_oop_MVCtest/controllers/dbcrud.php on line 4
[22-Jul-2016 15:39:42 UTC] PHP Stack trace:
[22-Jul-2016 15:39:42 UTC] PHP   1. {main}() /home/ubuntu/workspace/Company_oop_MVCtest/controllers/dbcrud.php:0
[22-Jul-2016 15:39:42 UTC] PHP Warning:  include_once(): Failed opening 'models/class.crud.php' for inclusion (include_path='.:/usr/share/php:/usr/share/pear') in /home/ubuntu/workspace/Company_oop_MVCtest/controllers/dbcrud.php on line 4
[22-Jul-2016 15:39:42 UTC] PHP Stack trace:
[22-Jul-2016 15:39:42 UTC] PHP   1. {main}() /home/ubuntu/workspace/Company_oop_MVCtest/controllers/dbcrud.php:0
[22-Jul-2016 15:39:42 UTC] PHP Fatal error:  Class 'CRUD' not found in /home/ubuntu/workspace/Company_oop_MVCtest/controllers/dbcrud.php on line 5
[22-Jul-2016 15:39:42 UTC] PHP Stack trace:
[22-Jul-2016 15:39:42 UTC] PHP   1. {main}() /home/ubuntu/workspace/Company_oop_MVCtest/controllers/dbcrud.php:0
[23-Jul-2016 09:06:29 UTC] PHP Warning:  include_once(models/class.crud.php): failed to open stream: No such file or directory in /home/ubuntu/workspace/Company_oop_MVCtest/controllers/dbcrud.php on line 4
[23-Jul-2016 09:06:29 UTC] PHP Stack trace:
[23-Jul-2016 09:06:29 UTC] PHP   1. {main}() /home/ubuntu/workspace/Company_oop_MVCtest/controllers/dbcrud.php:0
[23-Jul-2016 09:06:29 UTC] PHP Warning:  include_once(): Failed opening 'models/class.crud.php' for inclusion (include_path='.:/usr/share/php:/usr/share/pear') in /home/ubuntu/workspace/Company_oop_MVCtest/controllers/dbcrud.php on line 4
[23-Jul-2016 09:06:29 UTC] PHP Stack trace:
[23-Jul-2016 09:06:29 UTC] PHP   1. {main}() /home/ubuntu/workspace/Company_oop_MVCtest/controllers/dbcrud.php:0
[23-Jul-2016 09:06:29 UTC] PHP Fatal error:  Class 'CRUD' not found in /home/ubuntu/workspace/Company_oop_MVCtest/controllers/dbcrud.php on line 5
[23-Jul-2016 09:06:29 UTC] PHP Stack trace:
[23-Jul-2016 09:06:29 UTC] PHP   1. {main}() /home/ubuntu/workspace/Company_oop_MVCtest/controllers/dbcrud.php:0
[23-Jul-2016 09:06:45 UTC] PHP Warning:  include_once(models/class.crud.php): failed to open stream: No such file or directory in /home/ubuntu/workspace/Company_oop_MVCtest/controllers/dbcrud.php on line 4
[23-Jul-2016 09:06:45 UTC] PHP Stack trace:
[23-Jul-2016 09:06:45 UTC] PHP   1. {main}() /home/ubuntu/workspace/Company_oop_MVCtest/controllers/dbcrud.php:0
[23-Jul-2016 09:06:45 UTC] PHP Warning:  include_once(): Failed opening 'models/class.crud.php' for inclusion (include_path='.:/usr/share/php:/usr/share/pear') in /home/ubuntu/workspace/Company_oop_MVCtest/controllers/dbcrud.php on line 4
[23-Jul-2016 09:06:45 UTC] PHP Stack trace:
[23-Jul-2016 09:06:45 UTC] PHP   1. {main}() /home/ubuntu/workspace/Company_oop_MVCtest/controllers/dbcrud.php:0
[23-Jul-2016 09:06:45 UTC] PHP Fatal error:  Class 'CRUD' not found in /home/ubuntu/workspace/Company_oop_MVCtest/controllers/dbcrud.php on line 5
[23-Jul-2016 09:06:45 UTC] PHP Stack trace:
[23-Jul-2016 09:06:45 UTC] PHP   1. {main}() /home/ubuntu/workspace/Company_oop_MVCtest/controllers/dbcrud.php:0
[23-Jul-2016 09:41:58 UTC] PHP Warning:  include_once(models/class.crud.php): failed to open stream: No such file or directory in /home/ubuntu/workspace/Company_oop_MVCtest/controllers/dbcrud.php on line 4
[23-Jul-2016 09:41:58 UTC] PHP Stack trace:
[23-Jul-2016 09:41:58 UTC] PHP   1. {main}() /home/ubuntu/workspace/Company_oop_MVCtest/controllers/dbcrud.php:0
[23-Jul-2016 09:41:58 UTC] PHP Warning:  include_once(): Failed opening 'models/class.crud.php' for inclusion (include_path='.:/usr/share/php:/usr/share/pear') in /home/ubuntu/workspace/Company_oop_MVCtest/controllers/dbcrud.php on line 4
[23-Jul-2016 09:41:58 UTC] PHP Stack trace:
[23-Jul-2016 09:41:58 UTC] PHP   1. {main}() /home/ubuntu/workspace/Company_oop_MVCtest/controllers/dbcrud.php:0
[23-Jul-2016 09:41:58 UTC] PHP Fatal error:  Class 'CRUD' not found in /home/ubuntu/workspace/Company_oop_MVCtest/controllers/dbcrud.php on line 5
[23-Jul-2016 09:41:58 UTC] PHP Stack trace:
[23-Jul-2016 09:41:58 UTC] PHP   1. {main}() /home/ubuntu/workspace/Company_oop_MVCtest/controllers/dbcrud.php:0
[23-Jul-2016 09:43:39 UTC] PHP Warning:  include_once(models/class.crud.php): failed to open stream: No such file or directory in /home/ubuntu/workspace/Company_oop_MVCtest/controllers/dbcrud.php on line 4
[23-Jul-2016 09:43:39 UTC] PHP Stack trace:
[23-Jul-2016 09:43:39 UTC] PHP   1. {main}() /home/ubuntu/workspace/Company_oop_MVCtest/controllers/dbcrud.php:0
[23-Jul-2016 09:43:39 UTC] PHP Warning:  include_once(): Failed opening 'models/class.crud.php' for inclusion (include_path='.:/usr/share/php:/usr/share/pear') in /home/ubuntu/workspace/Company_oop_MVCtest/controllers/dbcrud.php on line 4
[23-Jul-2016 09:43:39 UTC] PHP Stack trace:
[23-Jul-2016 09:43:39 UTC] PHP   1. {main}() /home/ubuntu/workspace/Company_oop_MVCtest/controllers/dbcrud.php:0
[23-Jul-2016 09:43:39 UTC] PHP Fatal error:  Class 'CRUD' not found in /home/ubuntu/workspace/Company_oop_MVCtest/controllers/dbcrud.php on line 5
[23-Jul-2016 09:43:39 UTC] PHP Stack trace:
[23-Jul-2016 09:43:39 UTC] PHP   1. {main}() /home/ubuntu/workspace/Company_oop_MVCtest/controllers/dbcrud.php:0
[23-Jul-2016 09:48:26 UTC] PHP Warning:  include_once(models/class.crud.php): failed to open stream: No such file or directory in /home/ubuntu/workspace/Company_oop_MVCtest/controllers/dbcrud.php on line 4
[23-Jul-2016 09:48:26 UTC] PHP Stack trace:
[23-Jul-2016 09:48:26 UTC] PHP   1. {main}() /home/ubuntu/workspace/Company_oop_MVCtest/controllers/dbcrud.php:0
[23-Jul-2016 09:48:26 UTC] PHP Warning:  include_once(): Failed opening 'models/class.crud.php' for inclusion (include_path='.:/usr/share/php:/usr/share/pear') in /home/ubuntu/workspace/Company_oop_MVCtest/controllers/dbcrud.php on line 4
[23-Jul-2016 09:48:26 UTC] PHP Stack trace:
[23-Jul-2016 09:48:26 UTC] PHP   1. {main}() /home/ubuntu/workspace/Company_oop_MVCtest/controllers/dbcrud.php:0
[23-Jul-2016 09:48:26 UTC] PHP Fatal error:  Class 'CRUD' not found in /home/ubuntu/workspace/Company_oop_MVCtest/controllers/dbcrud.php on line 5
[23-Jul-2016 09:48:26 UTC] PHP Stack trace:
[23-Jul-2016 09:48:26 UTC] PHP   1. {main}() /home/ubuntu/workspace/Company_oop_MVCtest/controllers/dbcrud.php:0
